[0322/195831.699:ERROR:process_reader_win.cc(123)] NtOpenThread: {Acceso denegado} Un proceso ha solicitado acceso a un objeto, pero no se le han concedido esos derechos de acceso. (0xc0000022)
[0322/195831.699:ERROR:exception_snapshot_win.cc(98)] thread ID 7860 not found in process
[0322/195831.802:ERROR:process_reader_win.cc(123)] NtOpenThread: {Acceso denegado} Un proceso ha solicitado acceso a un objeto, pero no se le han concedido esos derechos de acceso. (0xc0000022)
[0322/195831.802:ERROR:exception_snapshot_win.cc(98)] thread ID 5116 not found in process
[0322/195831.864:ERROR:process_reader_win.cc(123)] NtOpenThread: {Acceso denegado} Un proceso ha solicitado acceso a un objeto, pero no se le han concedido esos derechos de acceso. (0xc0000022)
[0322/195831.864:ERROR:exception_snapshot_win.cc(98)] thread ID 1816 not found in process
[0322/195831.928:ERROR:process_reader_win.cc(123)] NtOpenThread: {Acceso denegado} Un proceso ha solicitado acceso a un objeto, pero no se le han concedido esos derechos de acceso. (0xc0000022)
[0322/195831.928:ERROR:exception_snapshot_win.cc(98)] thread ID 11860 not found in process
[0322/195831.988:ERROR:process_reader_win.cc(123)] NtOpenThread: {Acceso denegado} Un proceso ha solicitado acceso a un objeto, pero no se le han concedido esos derechos de acceso. (0xc0000022)
[0322/195831.988:ERROR:exception_snapshot_win.cc(98)] thread ID 9312 not found in process
[0322/195832.056:ERROR:process_reader_win.cc(123)] NtOpenThread: {Acceso denegado} Un proceso ha solicitado acceso a un objeto, pero no se le han concedido esos derechos de acceso. (0xc0000022)
[0322/195832.056:ERROR:exception_snapshot_win.cc(98)] thread ID 8304 not found in process
[0322/195832.103:ERROR:process_reader_win.cc(123)] NtOpenThread: {Acceso denegado} Un proceso ha solicitado acceso a un objeto, pero no se le han concedido esos derechos de acceso. (0xc0000022)
[0322/195832.103:ERROR:exception_snapshot_win.cc(98)] thread ID 7152 not found in process
[0322/195832.166:ERROR:process_reader_win.cc(123)] NtOpenThread: {Acceso denegado} Un proceso ha solicitado acceso a un objeto, pero no se le han concedido esos derechos de acceso. (0xc0000022)
[0322/195832.166:ERROR:exception_snapshot_win.cc(98)] thread ID 1644 not found in process
<<<<<<< HEAD
[0324/222333.050:ERROR:process_reader_win.cc(123)] NtOpenThread: {Acceso denegado} Un proceso ha solicitado acceso a un objeto, pero no se le han concedido esos derechos de acceso. (0xc0000022)
[0324/222333.054:ERROR:exception_snapshot_win.cc(98)] thread ID 10244 not found in process
[0324/222333.148:ERROR:process_reader_win.cc(123)] NtOpenThread: {Acceso denegado} Un proceso ha solicitado acceso a un objeto, pero no se le han concedido esos derechos de acceso. (0xc0000022)
[0324/222333.148:ERROR:exception_snapshot_win.cc(98)] thread ID 2128 not found in process
=======
[0324/215513.922:ERROR:process_reader_win.cc(123)] NtOpenThread: {Acceso denegado} Un proceso ha solicitado acceso a un objeto, pero no se le han concedido esos derechos de acceso. (0xc0000022)
[0324/215513.925:ERROR:exception_snapshot_win.cc(98)] thread ID 54812 not found in process
[0324/215513.922:ERROR:process_reader_win.cc(123)] NtOpenThread: {Acceso denegado} Un proceso ha solicitado acceso a un objeto, pero no se le han concedido esos derechos de acceso. (0xc0000022)
[0324/215513.925:ERROR:exception_snapshot_win.cc(98)] thread ID 28536 not found in process
[0324/215514.041:ERROR:process_reader_win.cc(123)] NtOpenThread: {Acceso denegado} Un proceso ha solicitado acceso a un objeto, pero no se le han concedido esos derechos de acceso. (0xc0000022)
[0324/215514.041:ERROR:exception_snapshot_win.cc(98)] thread ID 27808 not found in process
[0324/215514.045:ERROR:process_reader_win.cc(123)] NtOpenThread: {Acceso denegado} Un proceso ha solicitado acceso a un objeto, pero no se le han concedido esos derechos de acceso. (0xc0000022)
[0324/215514.045:ERROR:exception_snapshot_win.cc(98)] thread ID 40248 not found in process
>>>>>>> d90f8f5851cabd51e39f555cd1863d3d2cab5820
[0326/195347.909:ERROR:process_reader_win.cc(123)] NtOpenThread: {Acceso denegado} Un proceso ha solicitado acceso a un objeto, pero no se le han concedido esos derechos de acceso. (0xc0000022)
[0326/195347.910:ERROR:exception_snapshot_win.cc(98)] thread ID 32120 not found in process
[0326/195347.910:ERROR:process_reader_win.cc(123)] NtOpenThread: {Acceso denegado} Un proceso ha solicitado acceso a un objeto, pero no se le han concedido esos derechos de acceso. (0xc0000022)
[0326/195347.911:ERROR:exception_snapshot_win.cc(98)] thread ID 18196 not found in process
[0326/195348.020:ERROR:process_reader_win.cc(123)] NtOpenThread: {Acceso denegado} Un proceso ha solicitado acceso a un objeto, pero no se le han concedido esos derechos de acceso. (0xc0000022)
[0326/195348.020:ERROR:process_reader_win.cc(123)] NtOpenThread: {Acceso denegado} Un proceso ha solicitado acceso a un objeto, pero no se le han concedido esos derechos de acceso. (0xc0000022)
[0326/195348.020:ERROR:exception_snapshot_win.cc(98)] thread ID 5928 not found in process
[0326/195348.021:ERROR:exception_snapshot_win.cc(98)] thread ID 19872 not found in process
[0326/214117.272:ERROR:process_reader_win.cc(123)] NtOpenThread: {Acceso denegado} Un proceso ha solicitado acceso a un objeto, pero no se le han concedido esos derechos de acceso. (0xc0000022)
[0326/214117.274:ERROR:exception_snapshot_win.cc(98)] thread ID 22660 not found in process
[0326/214117.272:ERROR:process_reader_win.cc(123)] NtOpenThread: {Acceso denegado} Un proceso ha solicitado acceso a un objeto, pero no se le han concedido esos derechos de acceso. (0xc0000022)
[0326/214117.274:ERROR:exception_snapshot_win.cc(98)] thread ID 18440 not found in process
[0326/214117.275:ERROR:process_reader_win.cc(123)] NtOpenThread: {Acceso denegado} Un proceso ha solicitado acceso a un objeto, pero no se le han concedido esos derechos de acceso. (0xc0000022)
[0326/214117.275:ERROR:exception_snapshot_win.cc(98)] thread ID 22680 not found in process
[0326/214117.412:ERROR:process_reader_win.cc(123)] NtOpenThread: {Acceso denegado} Un proceso ha solicitado acceso a un objeto, pero no se le han concedido esos derechos de acceso. (0xc0000022)
[0326/214117.412:ERROR:process_reader_win.cc(123)] NtOpenThread: {Acceso denegado} Un proceso ha solicitado acceso a un objeto, pero no se le han concedido esos derechos de acceso. (0xc0000022)
[0326/214117.412:ERROR:process_reader_win.cc(123)] NtOpenThread: {Acceso denegado} Un proceso ha solicitado acceso a un objeto, pero no se le han concedido esos derechos de acceso. (0xc0000022)
[0326/214117.412:ERROR:exception_snapshot_win.cc(98)] thread ID 3568 not found in process
[0326/214117.412:ERROR:exception_snapshot_win.cc(98)] thread ID 21724 not found in process
[0326/214117.413:ERROR:exception_snapshot_win.cc(98)] thread ID 9500 not found in process
